# JRE version: OpenJDK Runtime Environment (8.0_212-b04) (build 1.8.0_212-release-1586-b04)
# Java VM: OpenJDK 64-Bit Server VM (25.212-b04 mixed mode windows-amd64 compressed oops)
Heap:
 PSYoungGen      total 239616K, used 109943K [0x00000000e0000000, 0x00000000f0100000, 0x0000000100000000)
  eden space 216064K, 48% used [0x00000000e0000000,0x00000000e6647ca8,0x00000000ed300000)
  from space 23552K, 22% used [0x00000000ed300000,0x00000000ed816130,0x00000000eea00000)
  to   space 22528K, 0% used [0x00000000eeb00000,0x00000000eeb00000,0x00000000f0100000)
 ParOldGen       total 138240K, used 75277K [0x00000000a0000000, 0x00000000a8700000, 0x00000000e0000000)
  object space 138240K, 54% used [0x00000000a0000000,0x00000000a49837f0,0x00000000a8700000)
 Metaspace       used 79899K, capacity 83294K, committed 83584K, reserved 1122304K
  class space    used 10625K, capacity 11344K, committed 11392K, reserved 1048576K
GC Heap History (10 events):
Event: 76.817 GC heap before
{Heap before GC invocations=24 (full 3):
 PSYoungGen      total 200192K, used 188327K [0x00000000e0000000, 0x00000000ede00000, 0x0000000100000000)
  eden space 175104K, 100% used [0x00000000e0000000,0x00000000eab00000,0x00000000eab00000)
  from space 25088K, 52% used [0x00000000ec380000,0x00000000ed069d58,0x00000000edc00000)
  to   space 25088K, 0% used [0x00000000eab00000,0x00000000eab00000,0x00000000ec380000)
 ParOldGen       total 138240K, used 60513K [0x00000000a0000000, 0x00000000a8700000, 0x00000000e0000000)
  object space 138240K, 43% used [0x00000000a0000000,0x00000000a3b186f0,0x00000000a8700000)
 Metaspace       used 77037K, capacity 80398K, committed 80640K, reserved 1118208K
  class space    used 10289K, capacity 10966K, committed 11008K, reserved 1048576K
Event: 76.909 GC heap after
Heap after GC invocations=24 (full 3):
 PSYoungGen      total 200192K, used 13936K [0x00000000e0000000, 0x00000000f0380000, 0x0000000100000000)
  eden space 175104K, 0% used [0x00000000e0000000,0x00000000e0000000,0x00000000eab00000)
  from space 25088K, 55% used [0x00000000eab00000,0x00000000eb89c1d0,0x00000000ec380000)
  to   space 25088K, 0% used [0x00000000eeb00000,0x00000000eeb00000,0x00000000f0380000)
 ParOldGen       total 138240K, used 60513K [0x00000000a0000000, 0x00000000a8700000, 0x00000000e0000000)
  object space 138240K, 43% used [0x00000000a0000000,0x00000000a3b186f0,0x00000000a8700000)
 Metaspace       used 77037K, capacity 80398K, committed 80640K, reserved 1118208K
  class space    used 10289K, capacity 10966K, committed 11008K, reserved 1048576K
}
Event: 78.405 GC heap before
{Heap before GC invocations=25 (full 3):
 PSYoungGen      total 200192K, used 189040K [0x00000000e0000000, 0x00000000f0380000, 0x0000000100000000)
  eden space 175104K, 100% used [0x00000000e0000000,0x00000000eab00000,0x00000000eab00000)
  from space 25088K, 55% used [0x00000000eab00000,0x00000000eb89c1d0,0x00000000ec380000)
  to   space 25088K, 0% used [0x00000000eeb00000,0x00000000eeb00000,0x00000000f0380000)
 ParOldGen       total 138240K, used 60513K [0x00000000a0000000, 0x00000000a8700000, 0x00000000e0000000)
  object space 138240K, 43% used [0x00000000a0000000,0x00000000a3b186f0,0x00000000a8700000)
 Metaspace       used 77124K, capacity 80506K, committed 80640K, reserved 1118208K
  class space    used 10293K, capacity 11000K, committed 11008K, reserved 1048576K
Event: 78.454 GC heap after
Heap after GC invocations=25 (full 3):
 PSYoungGen      total 238592K, used 11100K [0x00000000e0000000, 0x00000000f0100000, 0x0000000100000000)
  eden space 216064K, 0% used [0x00000000e0000000,0x00000000e0000000,0x00000000ed300000)
  from space 22528K, 49% used [0x00000000eeb00000,0x00000000ef5d7238,0x00000000f0100000)
  to   space 23552K, 0% used [0x00000000ed300000,0x00000000ed300000,0x00000000eea00000)
 ParOldGen       total 138240K, used 62483K [0x00000000a0000000, 0x00000000a8700000, 0x00000000e0000000)
  object space 138240K, 45% used [0x00000000a0000000,0x00000000a3d04e10,0x00000000a8700000)
 Metaspace       used 77124K, capacity 80506K, committed 80640K, reserved 1118208K
  class space    used 10293K, capacity 11000K, committed 11008K, reserved 1048576K
}
Event: 81.646 GC heap before
{Heap before GC invocations=26 (full 3):
 PSYoungGen      total 238592K, used 227164K [0x00000000e0000000, 0x00000000f0100000, 0x0000000100000000)
  eden space 216064K, 100% used [0x00000000e0000000,0x00000000ed300000,0x00000000ed300000)
  from space 22528K, 49% used [0x00000000eeb00000,0x00000000ef5d7238,0x00000000f0100000)
  to   space 23552K, 0% used [0x00000000ed300000,0x00000000ed300000,0x00000000eea00000)
 ParOldGen       total 138240K, used 62483K [0x00000000a0000000, 0x00000000a8700000, 0x00000000e0000000)
  object space 138240K, 45% used [0x00000000a0000000,0x00000000a3d04e10,0x00000000a8700000)
 Metaspace       used 77244K, capacity 80574K, committed 80640K, reserved 1118208K
  class space    used 10300K, capacity 11000K, committed 11008K, reserved 1048576K
Event: 81.726 GC heap after
Heap after GC invocations=26 (full 3):
 PSYoungGen      total 239616K, used 3212K [0x00000000e0000000, 0x00000000f0100000, 0x0000000100000000)
  eden space 216064K, 0% used [0x00000000e0000000,0x00000000e0000000,0x00000000ed300000)
  from space 23552K, 13% used [0x00000000ed300000,0x00000000ed623330,0x00000000eea00000)
  to   space 22528K, 0% used [0x00000000eeb00000,0x00000000eeb00000,0x00000000f0100000)
 ParOldGen       total 138240K, used 70438K [0x00000000a0000000, 0x00000000a8700000, 0x00000000e0000000)
  object space 138240K, 50% used [0x00000000a0000000,0x00000000a44c9af8,0x00000000a8700000)
 Metaspace       used 77244K, capacity 80574K, committed 80640K, reserved 1118208K
  class space    used 10300K, capacity 11000K, committed 11008K, reserved 1048576K
}
Event: 83.349 GC heap before
{Heap before GC invocations=27 (full 3):
 PSYoungGen      total 239616K, used 219276K [0x00000000e0000000, 0x00000000f0100000, 0x0000000100000000)
  eden space 216064K, 100% used [0x00000000e0000000,0x00000000ed300000,0x00000000ed300000)
  from space 23552K, 13% used [0x00000000ed300000,0x00000000ed623330,0x00000000eea00000)
  to   space 22528K, 0% used [0x00000000eeb00000,0x00000000eeb00000,0x00000000f0100000)
 ParOldGen       total 138240K, used 70438K [0x00000000a0000000, 0x00000000a8700000, 0x00000000e0000000)
  object space 138240K, 50% used [0x00000000a0000000,0x00000000a44c9af8,0x00000000a8700000)
 Metaspace       used 77790K, capacity 81074K, committed 81280K, reserved 1120256K
  class space    used 10370K, capacity 11070K, committed 11136K, reserved 1048576K
Event: 83.385 GC heap after
Heap after GC invocations=27 (full 3):
 PSYoungGen      total 238592K, used 4519K [0x00000000e0000000, 0x00000000f0100000, 0x0000000100000000)
  eden space 216064K, 0% used [0x00000000e0000000,0x00000000e0000000,0x00000000ed300000)
  from space 22528K, 20% used [0x00000000eeb00000,0x00000000eef69cb8,0x00000000f0100000)
  to   space 23552K, 0% used [0x00000000ed300000,0x00000000ed300000,0x00000000eea00000)
 ParOldGen       total 138240K, used 72189K [0x00000000a0000000, 0x00000000a8700000, 0x00000000e0000000)
  object space 138240K, 52% used [0x00000000a0000000,0x00000000a467f768,0x00000000a8700000)
 Metaspace       used 77790K, capacity 81074K, committed 81280K, reserved 1120256K
  class space    used 10370K, capacity 11070K, committed 11136K, reserved 1048576K
}
Event: 85.226 GC heap before
{Heap before GC invocations=28 (full 3):
 PSYoungGen      total 238592K, used 220583K [0x00000000e0000000, 0x00000000f0100000, 0x0000000100000000)
  eden space 216064K, 100% used [0x00000000e0000000,0x00000000ed300000,0x00000000ed300000)
  from space 22528K, 20% used [0x00000000eeb00000,0x00000000eef69cb8,0x00000000f0100000)
  to   space 23552K, 0% used [0x00000000ed300000,0x00000000ed300000,0x00000000eea00000)
 ParOldGen       total 138240K, used 72189K [0x00000000a0000000, 0x00000000a8700000, 0x00000000e0000000)
  object space 138240K, 52% used [0x00000000a0000000,0x00000000a467f768,0x00000000a8700000)
 Metaspace       used 79660K, capacity 83122K, committed 83328K, reserved 1122304K
  class space    used 10603K, capacity 11326K, committed 11392K, reserved 1048576K
Event: 85.257 GC heap after
Heap after GC invocations=28 (full 3):
 PSYoungGen      total 239616K, used 5208K [0x00000000e0000000, 0x00000000f0100000, 0x0000000100000000)
  eden space 216064K, 0% used [0x00000000e0000000,0x00000000e0000000,0x00000000ed300000)
  from space 23552K, 22% used [0x00000000ed300000,0x00000000ed816130,0x00000000eea00000)
  to   space 22528K, 0% used [0x00000000eeb00000,0x00000000eeb00000,0x00000000f0100000)
 ParOldGen       total 138240K, used 75277K [0x00000000a0000000, 0x00000000a8700000, 0x00000000e0000000)
  object space 138240K, 54% used [0x00000000a0000000,0x00000000a49837f0,0x00000000a8700000)
 Metaspace       used 79660K, capacity 83122K, committed 83328K, reserved 1122304K
  class space    used 10603K, capacity 11326K, committed 11392K, reserved 1048576K
}

